app/build/outputs/logs/manifest-merger-release-report.txt
-- Merging decision tree log ---
manifest
ADDED from src\main\AndroidManifest.xml:2:1-135:12
INJECTED from src\main\AndroidManifest.xml:2:1-135:12
INJECTED from src\main\AndroidManifest.xml:2:1-135:12
INJECTED from src\main\AndroidManifest.xml:2:1-135:12
INJECTED from src\main\AndroidManifest.xml:2:1-135:12
INJECTED from src\main\AndroidManifest.xml:2:1-135:12
INJECTED from src\main\AndroidManifest.xml:2:1-135:12
	package
		ADDED from src\main\AndroidManifest.xml:3:5-34
		INJECTED from src\main\AndroidManifest.xml
		INJECTED from src\main\AndroidManifest.xml
	android:versionName
		ADDED from src\main\AndroidManifest.xml:5:5-30
		INJECTED from src\main\AndroidManifest.xml
		INJECTED from src\main\AndroidManifest.xml
	xmlns:android
		ADDED from src\main\AndroidManifest.xml:2:11-69
	android:versionCode
		ADDED from src\main\AndroidManifest.xml:4:5-28
		INJECTED from src\main\AndroidManifest.xml
		INJECTED from src\main\AndroidManifest.xml
uses-sdk
ADDED from src\main\AndroidManifest.xml:7:5-9:41
INJECTED from src\main\AndroidManifest.xml:7:5-9:41
INJECTED from src\main\AndroidManifest.xml:7:5-9:41
INJECTED from src\main\AndroidManifest.xml:7:5-9:41
INJECTED from src\main\AndroidManifest.xml:7:5-9:41
	android:targetSdkVersion
		ADDED from src\main\AndroidManifest.xml:9:9-38
		INJECTED from src\main\AndroidManifest.xml
		INJECTED from src\main\AndroidManifest.xml
	android:minSdkVersion
		ADDED from src\main\AndroidManifest.xml:8:9-35
		INJECTED from src\main\AndroidManifest.xml
		INJECTED from src\main\AndroidManifest.xml
uses-permission#android.permission.WAKE_LOCK
ADDED from src\main\AndroidManifest.xml:11:5-68
	android:name
		ADDED from src\main\AndroidManifest.xml:11:22-65
uses-permission#android.permission.READ_CONTACTS
ADDED from src\main\AndroidManifest.xml:12:5-72
	android:name
		ADDED from src\main\AndroidManifest.xml:12:22-69
uses-permission#android.permission.READ_SMS
ADDED from src\main\AndroidManifest.xml:13:5-67
	android:name
		ADDED from src\main\AndroidManifest.xml:13:22-64
uses-permission#android.permission.SEND_SMS
ADDED from src\main\AndroidManifest.xml:14:5-67
	android:name
		ADDED from src\main\AndroidManifest.xml:14:22-64
uses-permission#android.permission.GET_TASKS
ADDED from src\main\AndroidManifest.xml:15:5-68
	android:name
		ADDED from src\main\AndroidManifest.xml:15:22-65
uses-permission#android.permission.CAMERA
ADDED from src\main\AndroidManifest.xml:16:5-65
	android:name
		ADDED from src\main\AndroidManifest.xml:16:22-62
uses-permission#android.permission.RECORD_AUDIO
ADDED from src\main\AndroidManifest.xml:17:5-71
	android:name
		ADDED from src\main\AndroidManifest.xml:17:22-68
uses-permission#android.permission.RECEIVE_BOOT_COMPLETED
ADDED from src\main\AndroidManifest.xml:18:5-81
	android:name
		ADDED from src\main\AndroidManifest.xml:18:22-78
uses-permission#android.permission.PROCESS_OUTGOING_CALLS
ADDED from src\main\AndroidManifest.xml:19:5-81
	android:name
		ADDED from src\main\AndroidManifest.xml:19:22-78
uses-permission#android.permission.MODIFY_AUDIO_SETTINGS
ADDED from src\main\AndroidManifest.xml:20:5-80
	android:name
		ADDED from src\main\AndroidManifest.xml:20:22-77
uses-permission#android.permission.GET_ACCOUNTS
ADDED from src\main\AndroidManifest.xml:21:5-71
	android:name
		ADDED from src\main\AndroidManifest.xml:21:22-68
uses-permission#android.permission.USE_CREDENTIALS
ADDED from src\main\AndroidManifest.xml:22:5-74
	android:name
		ADDED from src\main\AndroidManifest.xml:22:22-71
uses-permission#android.permission.MANAGE_ACCOUNTS
ADDED from src\main\AndroidManifest.xml:23:5-74
	android:name
		ADDED from src\main\AndroidManifest.xml:23:22-71
uses-permission#android.permission.AUTHENTICATE_ACCOUNTS
ADDED from src\main\AndroidManifest.xml:24:5-80
	android:name
		ADDED from src\main\AndroidManifest.xml:24:22-77
uses-permission#android.permission.ACCESS_NETWORK_STATE
ADDED from src\main\AndroidManifest.xml:25:5-79
	android:name
		ADDED from src\main\AndroidManifest.xml:25:22-76
uses-permission#android.permission.INTERNET
ADDED from src\main\AndroidManifest.xml:26:5-67
	android:name
		ADDED from src\main\AndroidManifest.xml:26:22-64
uses-permission#com.android.launcher.permission.READ_SETTINGS
ADDED from src\main\AndroidManifest.xml:27:5-85
	android:name
		ADDED from src\main\AndroidManifest.xml:27:22-82
uses-permission#android.permission.CHANGE_WIFI_STATE
ADDED from src\main\AndroidManifest.xml:28:5-76
	android:name
		ADDED from src\main\AndroidManifest.xml:28:22-73
uses-permission#android.permission.ACCESS_WIFI_STATE
ADDED from src\main\AndroidManifest.xml:29:5-76
	android:name
		ADDED from src\main\AndroidManifest.xml:29:22-73
uses-permission#android.permission.READ_PHONE_STATE
ADDED from src\main\AndroidManifest.xml:30:5-75
	android:name
		ADDED from src\main\AndroidManifest.xml:30:22-72
uses-permission#android.permission.CALL_PHONE
ADDED from src\main\AndroidManifest.xml:31:5-69
	android:name
		ADDED from src\main\AndroidManifest.xml:31:22-66
uses-permission#android.permission.WRITE_EXTERNAL_STORAGE
ADDED from src\main\AndroidManifest.xml:32:5-81
	android:name
		ADDED from src\main\AndroidManifest.xml:32:22-78
uses-permission#android.permission.BROADCAST_STICKY
ADDED from src\main\AndroidManifest.xml:33:5-75
	android:name
		ADDED from src\main\AndroidManifest.xml:33:22-72
uses-permission#android.permission.WRITE_SETTINGS
ADDED from src\main\AndroidManifest.xml:34:5-73
	android:name
		ADDED from src\main\AndroidManifest.xml:34:22-70
uses-permission#android.permission.ACCESS_GPS
ADDED from src\main\AndroidManifest.xml:35:5-69
	android:name
		ADDED from src\main\AndroidManifest.xml:35:22-66
uses-permission#android.permission.ACCESS_COARSE_LOCATION
ADDED from src\main\AndroidManifest.xml:36:5-81
	android:name
		ADDED from src\main\AndroidManifest.xml:36:22-78
uses-permission#android.permission.ACCESS_MOCK_LOCATION
ADDED from src\main\AndroidManifest.xml:37:5-79
	android:name
		ADDED from src\main\AndroidManifest.xml:37:22-76
uses-permission#android.permission.ACCESS_FINE_LOCATION
ADDED from src\main\AndroidManifest.xml:39:5-79
	android:name
		ADDED from src\main\AndroidManifest.xml:39:22-76
uses-permission#android.permission.CHANGE_NETWORK_STATE
ADDED from src\main\AndroidManifest.xml:48:5-79
	android:name
		ADDED from src\main\AndroidManifest.xml:48:22-76
application
ADDED from src\main\AndroidManifest.xml:54:5-127:19
	android:label
		ADDED from src\main\AndroidManifest.xml:57:9-29
	android:icon
		ADDED from src\main\AndroidManifest.xml:56:9-42
	android:allowBackup
		ADDED from src\main\AndroidManifest.xml:55:9-35
	android:theme
		ADDED from src\main\AndroidManifest.xml:58:9-40
uses-library#android.test.runner
ADDED from src\main\AndroidManifest.xml:59:9-60
	android:name
		ADDED from src\main\AndroidManifest.xml:59:23-57
meta-data#com.baidu.lbsapi.API_KEY
ADDED from src\main\AndroidManifest.xml:61:9-64:21
	android:value
		ADDED from src\main\AndroidManifest.xml:63:13-53
	android:name
		ADDED from src\main\AndroidManifest.xml:62:13-52
service#com.baidu.location.f
ADDED from src\main\AndroidManifest.xml:66:9-70:19
	android:process
		ADDED from src\main\AndroidManifest.xml:69:13-38
	android:enabled
		ADDED from src\main\AndroidManifest.xml:68:13-35
	android:name
		ADDED from src\main\AndroidManifest.xml:67:13-48
activity#com.android.traffic.MainActivity
ADDED from src\main\AndroidManifest.xml:72:9-81:20
	android:label
		ADDED from src\main\AndroidManifest.xml:74:13-33
	android:theme
		ADDED from src\main\AndroidManifest.xml:75:13-66
	android:name
		ADDED from src\main\AndroidManifest.xml:73:13-60
intent-filter#action:name:android.intent.action.MAIN+category:name:android.intent.category.LAUNCHER
ADDED from src\main\AndroidManifest.xml:76:13-80:29
action#android.intent.action.MAIN
ADDED from src\main\AndroidManifest.xml:77:17-69
	android:name
		ADDED from src\main\AndroidManifest.xml:77:25-66
category#android.intent.category.LAUNCHER
ADDED from src\main\AndroidManifest.xml:79:17-77
	android:name
		ADDED from src\main\AndroidManifest.xml:79:27-74
activity#com.android.traffic.MapActivity
ADDED from src\main\AndroidManifest.xml:82:9-85:20
	android:label
		ADDED from src\main\AndroidManifest.xml:84:13-33
	android:name
		ADDED from src\main\AndroidManifest.xml:83:13-59
activity#com.android.traffic.BusActivity
ADDED from src\main\AndroidManifest.xml:86:9-89:20
	android:label
		ADDED from src\main\AndroidManifest.xml:88:13-55
	android:name
		ADDED from src\main\AndroidManifest.xml:87:13-59
activity#com.android.traffic.DownloadActivity
ADDED from src\main\AndroidManifest.xml:90:9-93:20
	android:label
		ADDED from src\main\AndroidManifest.xml:92:13-60
	android:name
		ADDED from src\main\AndroidManifest.xml:91:13-64
activity#com.android.traffic.ShowActivity
ADDED from src\main\AndroidManifest.xml:94:9-97:20
	android:label
		ADDED from src\main\AndroidManifest.xml:96:13-60
	android:name
		ADDED from src\main\AndroidManifest.xml:95:13-60
activity#com.android.traffic.NavigationActivity
ADDED from src\main\AndroidManifest.xml:98:9-101:20
	android:label
		ADDED from src\main\AndroidManifest.xml:100:13-62
	android:name
		ADDED from src\main\AndroidManifest.xml:99:13-66
activity#com.android.traffic.BrowserActivity
ADDED from src\main\AndroidManifest.xml:102:9-105:20
	android:label
		ADDED from src\main\AndroidManifest.xml:104:13-59
	android:name
		ADDED from src\main\AndroidManifest.xml:103:13-63
activity#com.android.traffic.DialActivity
ADDED from src\main\AndroidManifest.xml:106:9-109:20
	android:label
		ADDED from src\main\AndroidManifest.xml:108:13-56
	android:name
		ADDED from src\main\AndroidManifest.xml:107:13-60
activity#com.android.traffic.GeoCodeActivity
ADDED from src\main\AndroidManifest.xml:110:9-113:20
	android:label
		ADDED from src\main\AndroidManifest.xml:112:13-60
	android:name
		ADDED from src\main\AndroidManifest.xml:111:13-63
activity#com.android.traffic.FaceActivity
ADDED from src\main\AndroidManifest.xml:114:9-117:20
	android:label
		ADDED from src\main\AndroidManifest.xml:116:13-56
	android:name
		ADDED from src\main\AndroidManifest.xml:115:13-60
activity#com.android.traffic.SpeechActivity
ADDED from src\main\AndroidManifest.xml:118:9-122:20
	android:label
		ADDED from src\main\AndroidManifest.xml:121:13-58
	android:configChanges
		ADDED from src\main\AndroidManifest.xml:120:13-133
	android:name
		ADDED from src\main\AndroidManifest.xml:119:13-62
activity#com.android.traffic.IatSettings
ADDED from src\main\AndroidManifest.xml:123:9-124:20
	android:name
		ADDED from src\main\AndroidManifest.xml:123:19-65
activity#com.android.traffic.TtsSettings
ADDED from src\main\AndroidManifest.xml:125:9-126:20
	android:name
		ADDED from src\main\AndroidManifest.xml:125:19-65
instrumentation
ADDED from src\main\AndroidManifest.xml:129:5-133:23
	android:label
		ADDED from src\main\AndroidManifest.xml:131:9-39
	android:targetPackage
		ADDED from src\main\AndroidManifest.xml:132:9-52
	android:name
		ADDED from src\main\AndroidManifest.xml:130:9-62